2024-09-22 16:40:01,103 - INFO - Quantidade de vetores gerados 50
2024-09-22 16:40:01,103 - INFO - Vetores gerados:
2024-09-22 16:40:01,103 - INFO - [[  6  -1  -7]
 [  0   1   7]
 [ -3   5  -6]
 [-10  -4   8]
 [-10  -4   2]
 [  7   0   9]
 [ -9   3  -4]
 [ -2   7   2]
 [-10   6   7]
 [ -2  -9  -4]
 [  8  -8   0]
 [ -1  -4   6]
 [ -2   6   7]
 [  0   1   1]
 [ -3  -6  -6]
 [  0   1  -9]
 [-10   9  -2]
 [  4   3  -7]
 [ -8  -2   0]
 [  1   0   5]
 [  2   1  -8]
 [  9  -3   9]
 [ -8   4   1]
 [ -8  -9 -10]
 [ -5   5  -6]
 [  2  -1   1]
 [  9   6 -10]
 [ -4   0  -3]
 [  5  -1  -9]
 [  3  -4   1]
 [  1   3   0]
 [  8   7   4]
 [  3 -10   2]
 [ -5  -3   9]
 [  3  -6  -5]
 [ -6   3  -6]
 [  7  -7  -7]
 [ -6   7   7]
 [ -4   2   4]
 [  3   0  -7]
 [ -4   7   3]
 [  5   4   6]
 [  6   5  -4]
 [ -1  -4  -7]
 [  1  -8  -9]
 [  0   5  -8]
 [ -2  -7   3]
 [  4  -8  -7]
 [ -3   6  -4]
 [  3   4   7]]
2024-09-22 16:40:03,072 - INFO - escolha tomada: 1
2024-09-22 16:40:03,075 - INFO - Vetores atuais:
2024-09-22 16:40:03,076 - INFO - [[  6  -1  -7]
 [  0   1   7]
 [ -3   5  -6]
 [-10  -4   8]
 [-10  -4   2]
 [  7   0   9]
 [ -9   3  -4]
 [ -2   7   2]
 [-10   6   7]
 [ -2  -9  -4]
 [  8  -8   0]
 [ -1  -4   6]
 [ -2   6   7]
 [  0   1   1]
 [ -3  -6  -6]
 [  0   1  -9]
 [-10   9  -2]
 [  4   3  -7]
 [ -8  -2   0]
 [  1   0   5]
 [  2   1  -8]
 [  9  -3   9]
 [ -8   4   1]
 [ -8  -9 -10]
 [ -5   5  -6]
 [  2  -1   1]
 [  9   6 -10]
 [ -4   0  -3]
 [  5  -1  -9]
 [  3  -4   1]
 [  1   3   0]
 [  8   7   4]
 [  3 -10   2]
 [ -5  -3   9]
 [  3  -6  -5]
 [ -6   3  -6]
 [  7  -7  -7]
 [ -6   7   7]
 [ -4   2   4]
 [  3   0  -7]
 [ -4   7   3]
 [  5   4   6]
 [  6   5  -4]
 [ -1  -4  -7]
 [  1  -8  -9]
 [  0   5  -8]
 [ -2  -7   3]
 [  4  -8  -7]
 [ -3   6  -4]
 [  3   4   7]]
2024-09-22 16:40:05,745 - INFO - escolha tomada: 2
2024-09-22 16:40:10,813 - INFO - Valor atual de randomização:
 Min: -10
 Max: 10
2024-09-22 16:40:10,814 - INFO - Vetores atuais:
2024-09-22 16:40:10,814 - INFO - [[  3   3   5]
 [ -8 -10   6]
 [  4  -4 -10]
 [ -9  -3 -10]
 [ -5 -10  -6]
 [  8   1   0]
 [  6  -9  -3]
 [  1   4  -9]
 [ -5   8   0]
 [  7   3  -9]
 [ -5   4   5]
 [ -8  -7  -5]
 [  6  -6  -4]
 [  3   6   4]
 [  3   7   5]
 [-10  -5  -7]
 [  3 -10   6]
 [ -5  -7 -10]
 [-10   2  -8]
 [  1  -2 -10]
 [ -5  -2   0]
 [  8   8  -4]
 [ -3   4  -7]
 [  0   7  -8]
 [  3  -5   0]
 [  0  -9   6]
 [ -9   6   6]
 [ -7  -1  -3]
 [ -4   5   8]
 [ -2  -6  -3]
 [  7   2  -6]
 [  0  -5  -8]
 [  4  -9  -8]
 [  1   9  -9]
 [ -3   2   0]
 [ -7  -9   1]
 [ -8  -9   4]
 [  3   7   4]
 [-10  -4  -7]
 [ -2  -4  -7]
 [  2   2  -3]
 [  9   9  -1]
 [  5   0   2]
 [  1  -9   4]
 [ -7   2 -10]
 [ -8  -5  -1]
 [  8   0   6]
 [ -9   1  -7]
 [ -8  -7   7]
 [  4   5  -8]]
2024-09-22 16:40:21,465 - INFO - escolha tomada: 2
2024-09-22 16:40:25,215 - INFO - Valor atual de randomização:
 Min: 4
 Max: 16
2024-09-22 16:40:25,215 - INFO - Vetores atuais:
2024-09-22 16:40:25,215 - INFO - [[11 12  9]
 [ 7  8 11]
 [14  4 14]
 [14  7 15]
 [ 5 11 14]
 [ 4 10  8]
 [ 9  9  6]
 [10 14 15]
 [15  5 13]
 [10  4 14]
 [ 7  5  7]
 [14 15  8]
 [ 7 12  7]
 [ 4 12  7]
 [10  6 14]
 [ 4  7  5]
 [ 5 15 13]
 [10  8 15]
 [12 12 10]
 [11  8 14]
 [10 11  5]
 [13  4 11]
 [ 6 15  8]
 [ 9  9  4]
 [ 4  8 14]
 [12  6 10]
 [11  8  7]
 [10  5  7]
 [ 5 11 14]
 [12 10  7]
 [ 6  7 12]
 [15  7 12]
 [ 6  6  4]
 [14 13  6]
 [ 7 10 14]
 [10  5 11]
 [11  4 13]
 [15 14 15]
 [15 10 12]
 [14  7 11]
 [ 6  4 11]
 [ 8  6 11]
 [ 8  5 15]
 [12  7  4]
 [10 10  4]
 [15 11  8]
 [ 4 12 12]
 [ 9 13 15]
 [ 9 10 11]
 [ 9 14  7]]
2024-09-22 16:40:28,720 - INFO - escolha tomada: 3
2024-09-22 16:40:29,993 - INFO - Linha solicitada: 12
2024-09-22 16:40:29,993 - INFO - Linha visualizada: [14 15  8]
2024-09-22 16:40:35,009 - INFO - escolha tomada: 4
2024-09-22 16:40:39,760 - INFO - Linha alterada: 12
2024-09-22 16:40:39,760 - INFO - Nova linha: [1 2 3]
2024-09-22 16:40:43,505 - INFO - escolha tomada: 5
2024-09-22 16:40:43,505 - INFO - Força Resultante X: 465
2024-09-22 16:40:43,506 - INFO - Força Resultante Y: 433
2024-09-22 16:40:43,506 - INFO - Força Resultante Z: 509
2024-09-22 16:40:49,489 - INFO - escolha tomada: 6
2024-09-22 16:40:53,432 - WARNING - 0 não é um valor válido como massa
2024-09-22 16:40:56,017 - WARNING - -2 não é um valor válido como massa
2024-09-22 16:40:59,680 - INFO - Massa fornecida: 33
2024-09-22 16:40:59,680 - INFO - X = 14.090909090909092 m/s²
2024-09-22 16:40:59,681 - INFO - Y = 13.121212121212121 m/s²
2024-09-22 16:40:59,681 - INFO - Z = 15.424242424242424 m/s²
2024-09-22 16:41:07,872 - INFO - escolha tomada: 0
2024-09-22 16:41:07,872 - INFO - Programa encerrado
